Microsoft HTML Help Compiler 4.74.8702

Compiling f:\360云盘\20151101-\信息系统集成方案\CHM-OR.chm

1.0 - 主界面.files\header.htm
1.0 - 主界面.files\image001.png
1.0 - 主界面.files\image002.jpg
1.0 - 主界面.htm
1.1 - 系统目标.files\header.htm
1.1 - 系统目标.htm
1.2 - 系统分类.files\header.htm
1.2 - 系统分类.htm
2.0 - 系统功能菜单.files\header.htm
2.0 - 系统功能菜单.files\image001.png
2.0 - 系统功能菜单.files\image002.jpg
2.0 - 系统功能菜单.files\image003.png
2.0 - 系统功能菜单.files\image004.jpg
2.0 - 系统功能菜单.files\image005.png
2.0 - 系统功能菜单.files\image006.jpg
2.0 - 系统功能菜单.htm
2.2 - 第二部分.files\header.htm
2.2 - 第二部分.files\image001.png
2.2 - 第二部分.files\image002.png
2.2 - 第二部分.files\image003.png
2.2 - 第二部分.files\image004.jpg
2.2 - 第二部分.files\image005.png
2.2 - 第二部分.files\image006.png
2.2 - 第二部分.files\image007.png
2.2 - 第二部分.files\image008.jpg
2.2 - 第二部分.files\image009.png
2.2 - 第二部分.htm
2.2 - 第一部分.files\header.htm
2.2 - 第一部分.files\image001.png
2.2 - 第一部分.files\image002.jpg
2.2 - 第一部分.files\image003.png
2.2 - 第一部分.files\image004.png
2.2 - 第一部分.files\image005.jpg
2.2 - 第一部分.files\image006.png
2.2 - 第一部分.files\image007.png
2.2 - 第一部分.files\image008.png
2.2 - 第一部分.files\image009.jpg
2.2 - 第一部分.files\image010.png
2.2 - 第一部分.htm
2.3 - 第三部分.files\header.htm
2.3 - 第三部分.files\image001.png
2.3 - 第三部分.files\image002.png
2.3 - 第三部分.files\image003.png
2.3 - 第三部分.files\image004.png
2.3 - 第三部分.htm
TOC-Created-By-Easy-CHM.HHC
Index-Created-By-Easy-CHM.HHK
1.0 - 主界面.files\filelist.xml
1.0 - 主界面.files\item0009.xml
1.0 - 主界面.files\themedata.thmx
1.0 - 主界面.files\colorschememapping.xml
1.1 - 系统目标.files\filelist.xml
1.1 - 系统目标.files\item0008.xml
1.1 - 系统目标.files\themedata.thmx
1.1 - 系统目标.files\colorschememapping.xml
1.2 - 系统分类.files\filelist.xml
1.2 - 系统分类.files\item0007.xml
1.2 - 系统分类.files\themedata.thmx
1.2 - 系统分类.files\colorschememapping.xml
2.0 - 系统功能菜单.files\filelist.xml
2.0 - 系统功能菜单.files\item0010.xml
2.0 - 系统功能菜单.files\themedata.thmx
2.0 - 系统功能菜单.files\colorschememapping.xml
2.2 - 第二部分.files\filelist.xml
2.2 - 第二部分.files\item0017.xml
2.2 - 第二部分.files\themedata.thmx
2.2 - 第二部分.files\colorschememapping.xml
2.2 - 第一部分.files\filelist.xml
2.2 - 第一部分.files\item0018.xml
2.2 - 第一部分.files\themedata.thmx
2.2 - 第一部分.files\colorschememapping.xml
2.3 - 第三部分.files\filelist.xml
2.3 - 第三部分.files\item0009.xml
2.3 - 第三部分.files\themedata.thmx
2.3 - 第三部分.files\colorschememapping.xml

Compile time: 0 minutes, 8 seconds
16	Topics
49	Local links
0	Internet links
0	Graphics


Created f:\360云盘\20151101-\信息系统集成方案\CHM-OR.chm, 6,466,262 bytes
Compression decreased file by 432,273 bytes.
